mode: set
hotelReservation_golang/api/auth_handler.go:21.53,25.2 1 1
hotelReservation_golang/api/auth_handler.go:37.62,39.46 2 1
hotelReservation_golang/api/auth_handler.go:39.46,41.3 1 1
hotelReservation_golang/api/auth_handler.go:43.2,44.16 2 1
hotelReservation_golang/api/auth_handler.go:44.16,45.43 1 1
hotelReservation_golang/api/auth_handler.go:45.43,47.4 1 1
hotelReservation_golang/api/auth_handler.go:48.3,48.13 1 0
hotelReservation_golang/api/auth_handler.go:51.2,51.69 1 1
hotelReservation_golang/api/auth_handler.go:51.69,53.3 1 1
hotelReservation_golang/api/auth_handler.go:55.2,60.21 2 1
hotelReservation_golang/api/auth_handler.go:63.51,76.16 8 1
hotelReservation_golang/api/auth_handler.go:76.16,78.3 1 0
hotelReservation_golang/api/auth_handler.go:79.2,79.17 1 1
hotelReservation_golang/api/booking_handler.go:14.57,18.2 1 1
hotelReservation_golang/api/booking_handler.go:20.67,23.16 3 0
hotelReservation_golang/api/booking_handler.go:23.16,25.3 1 0
hotelReservation_golang/api/booking_handler.go:26.2,27.16 2 0
hotelReservation_golang/api/booking_handler.go:27.16,29.3 1 0
hotelReservation_golang/api/booking_handler.go:31.2,31.31 1 0
hotelReservation_golang/api/booking_handler.go:31.31,35.3 1 0
hotelReservation_golang/api/booking_handler.go:36.2,36.115 1 0
hotelReservation_golang/api/booking_handler.go:36.115,38.3 1 0
hotelReservation_golang/api/booking_handler.go:39.2,41.4 1 0
hotelReservation_golang/api/booking_handler.go:45.64,47.16 2 1
hotelReservation_golang/api/booking_handler.go:47.16,51.3 1 0
hotelReservation_golang/api/booking_handler.go:53.2,53.25 1 1
hotelReservation_golang/api/booking_handler.go:57.63,60.16 3 1
hotelReservation_golang/api/booking_handler.go:60.16,62.3 1 0
hotelReservation_golang/api/booking_handler.go:63.2,64.16 2 1
hotelReservation_golang/api/booking_handler.go:64.16,66.3 1 0
hotelReservation_golang/api/booking_handler.go:67.2,67.31 1 1
hotelReservation_golang/api/booking_handler.go:67.31,71.3 1 1
hotelReservation_golang/api/booking_handler.go:72.2,72.24 1 1
hotelReservation_golang/api/fixtures.go:13.104,23.16 3 1
hotelReservation_golang/api/fixtures.go:23.16,25.3 1 0
hotelReservation_golang/api/fixtures.go:27.2,27.24 1 1
hotelReservation_golang/api/fixtures.go:30.113,39.16 3 1
hotelReservation_golang/api/fixtures.go:39.16,41.3 1 0
hotelReservation_golang/api/fixtures.go:43.2,43.21 1 1
hotelReservation_golang/api/fixtures.go:46.107,48.18 2 1
hotelReservation_golang/api/fixtures.go:48.18,50.3 1 1
hotelReservation_golang/api/fixtures.go:51.2,58.16 3 1
hotelReservation_golang/api/fixtures.go:58.16,60.3 1 0
hotelReservation_golang/api/fixtures.go:61.2,61.22 1 1
hotelReservation_golang/api/fixtures.go:64.70,71.16 2 1
hotelReservation_golang/api/fixtures.go:71.16,73.3 1 0
hotelReservation_golang/api/fixtures.go:74.2,76.16 3 1
hotelReservation_golang/api/fixtures.go:76.16,78.3 1 0
hotelReservation_golang/api/fixtures.go:79.2,81.21 2 1
hotelReservation_golang/api/hotel_handler.go:14.53,18.2 1 0
hotelReservation_golang/api/hotel_handler.go:20.60,22.16 2 0
hotelReservation_golang/api/hotel_handler.go:22.16,24.3 1 0
hotelReservation_golang/api/hotel_handler.go:26.2,26.23 1 0
hotelReservation_golang/api/hotel_handler.go:29.59,36.16 5 0
hotelReservation_golang/api/hotel_handler.go:36.16,38.3 1 0
hotelReservation_golang/api/hotel_handler.go:40.2,40.22 1 0
hotelReservation_golang/api/hotel_handler.go:43.59,48.16 3 0
hotelReservation_golang/api/hotel_handler.go:48.16,50.3 1 0
hotelReservation_golang/api/hotel_handler.go:52.2,53.16 2 0
hotelReservation_golang/api/hotel_handler.go:53.16,55.3 1 0
hotelReservation_golang/api/hotel_handler.go:57.2,57.22 1 0
hotelReservation_golang/api/hotel_handler.go:60.62,63.16 3 0
hotelReservation_golang/api/hotel_handler.go:63.16,65.3 1 0
hotelReservation_golang/api/hotel_handler.go:67.2,67.89 1 0
hotelReservation_golang/api/room_handler.go:24.51,28.2 1 0
hotelReservation_golang/api/room_handler.go:30.58,32.16 2 0
hotelReservation_golang/api/room_handler.go:32.16,34.3 1 0
hotelReservation_golang/api/room_handler.go:36.2,36.22 1 0
hotelReservation_golang/api/room_handler.go:39.58,42.16 3 0
hotelReservation_golang/api/room_handler.go:42.16,46.3 1 0
hotelReservation_golang/api/room_handler.go:48.2,48.42 1 0
hotelReservation_golang/api/room_handler.go:48.42,52.3 1 0
hotelReservation_golang/api/room_handler.go:53.2,54.16 2 0
hotelReservation_golang/api/room_handler.go:54.16,58.3 1 0
hotelReservation_golang/api/room_handler.go:59.2,60.9 2 0
hotelReservation_golang/api/room_handler.go:60.9,64.3 1 0
hotelReservation_golang/api/room_handler.go:66.2,67.16 2 0
hotelReservation_golang/api/room_handler.go:67.16,69.3 1 0
hotelReservation_golang/api/room_handler.go:70.2,70.18 1 0
hotelReservation_golang/api/room_handler.go:70.18,74.3 1 0
hotelReservation_golang/api/room_handler.go:76.2,85.16 3 0
hotelReservation_golang/api/room_handler.go:85.16,89.3 1 0
hotelReservation_golang/api/room_handler.go:90.2,90.25 1 0
hotelReservation_golang/api/room_handler.go:93.117,104.16 3 0
hotelReservation_golang/api/room_handler.go:104.16,108.3 1 0
hotelReservation_golang/api/room_handler.go:110.2,110.32 1 0
hotelReservation_golang/api/room_handler.go:113.42,115.52 2 0
hotelReservation_golang/api/room_handler.go:115.52,117.3 1 0
hotelReservation_golang/api/room_handler.go:118.2,118.23 1 0
hotelReservation_golang/api/room_handler.go:118.23,120.3 1 0
hotelReservation_golang/api/room_handler.go:121.2,121.12 1 0
hotelReservation_golang/api/test_helpers.go:21.34,23.16 2 1
hotelReservation_golang/api/test_helpers.go:23.16,25.3 1 0
hotelReservation_golang/api/test_helpers.go:26.2,35.3 2 1
hotelReservation_golang/api/test_helpers.go:38.43,39.76 1 1
hotelReservation_golang/api/test_helpers.go:39.76,41.3 1 0
hotelReservation_golang/api/user_handler.go:17.53,21.2 1 1
hotelReservation_golang/api/user_handler.go:23.57,30.16 3 1
hotelReservation_golang/api/user_handler.go:30.16,32.3 1 0
hotelReservation_golang/api/user_handler.go:34.2,34.45 1 1
hotelReservation_golang/api/user_handler.go:34.45,36.3 1 0
hotelReservation_golang/api/user_handler.go:38.2,40.77 2 1
hotelReservation_golang/api/user_handler.go:40.77,42.3 1 0
hotelReservation_golang/api/user_handler.go:44.2,44.55 1 1
hotelReservation_golang/api/user_handler.go:47.60,49.70 2 1
hotelReservation_golang/api/user_handler.go:49.70,51.3 1 1
hotelReservation_golang/api/user_handler.go:53.2,53.54 1 1
hotelReservation_golang/api/user_handler.go:56.58,59.46 2 1
hotelReservation_golang/api/user_handler.go:59.46,61.3 1 0
hotelReservation_golang/api/user_handler.go:63.2,63.46 1 1
hotelReservation_golang/api/user_handler.go:63.46,65.3 1 1
hotelReservation_golang/api/user_handler.go:67.2,69.16 2 1
hotelReservation_golang/api/user_handler.go:69.16,71.3 1 0
hotelReservation_golang/api/user_handler.go:73.2,75.16 2 1
hotelReservation_golang/api/user_handler.go:75.16,77.3 1 0
hotelReservation_golang/api/user_handler.go:79.2,79.29 1 1
hotelReservation_golang/api/user_handler.go:82.57,86.16 3 1
hotelReservation_golang/api/user_handler.go:86.16,87.43 1 1
hotelReservation_golang/api/user_handler.go:87.43,89.4 1 0
hotelReservation_golang/api/user_handler.go:90.3,90.67 1 1
hotelReservation_golang/api/user_handler.go:93.2,93.21 1 1
hotelReservation_golang/api/user_handler.go:96.58,99.16 2 1
hotelReservation_golang/api/user_handler.go:99.16,101.3 1 0
hotelReservation_golang/api/user_handler.go:103.2,103.22 1 1
hotelReservation_golang/api/util.go:9.53,11.9 2 1
hotelReservation_golang/api/util.go:11.9,15.3 1 0
hotelReservation_golang/api/util.go:17.2,17.18 1 1
